Using pre-set license
Built from '2020.3/staging' branch; Version is '2020.3.11f1 (99c7afb366b3) revision 10078127'; Using compiler version '192528614'; Build Type 'Release'
OS: 'Windows 10 Pro; OS build 19041.1052; Version 2004; 64bit' Language: 'en' Physical Memory: 8034 MB
BatchMode: 1, IsHumanControllingUs: 0, StartBugReporterOnCrash: 0, Is64bit: 1, IsPro: 0

 COMMAND LINE ARGUMENTS:
C:\Program Files\Unity\Hub\Editor\2020.3.11f1\Editor\Unity.exe
-adb2
-batchMode
-noUpm
-name
AssetImportWorker0
-projectPath
D:/study/UnityProjects/Coconut Adventure
-logFile
Logs/AssetImportWorker0.log
-srvPort
60966
Successfully changed project path to: D:/study/UnityProjects/Coconut Adventure
D:/study/UnityProjects/Coconut Adventure
Using Asset Import Pipeline V2.
Refreshing native plugins compatible for Editor in 38.09 ms, found 2 plugins.
Preloading 0 native plugins for Editor in 0.00 ms.
Initialize engine version: 2020.3.11f1 (99c7afb366b3)
[Subsystems] Discovering subsystems at path C:/Program Files/Unity/Hub/Editor/2020.3.11f1/Editor/Data/Resources/UnitySubsystems
[Subsystems] Discovering subsystems at path D:/study/UnityProjects/Coconut Adventure/Assets
GfxDevice: creating device client; threaded=0
Direct3D:
    Version:  Direct3D 11.0 [level 11.1]
    Renderer: NVIDIA GeForce GTX 1050 Ti (ID=0x1c8c)
    Vendor:   
    VRAM:     4018 MB
    Driver:   27.21.14.5771
Initialize mono
Mono path[0] = 'C:/Program Files/Unity/Hub/Editor/2020.3.11f1/Editor/Data/Managed'
Mono path[1] = 'C:/Program Files/Unity/Hub/Editor/2020.3.11f1/Editor/Data/MonoBleedingEdge/lib/mono/unityjit'
Mono config path = 'C:/Program Files/Unity/Hub/Editor/2020.3.11f1/Editor/Data/MonoBleedingEdge/etc'
Using monoOptions --debugger-agent=transport=dt_socket,embedding=1,server=y,suspend=n,address=127.0.0.1:56084
Begin MonoManager ReloadAssembly
Registering precompiled unity dll's ...
Register platform support module: C:/Program Files/Unity/Hub/Editor/2020.3.11f1/Editor/Data/PlaybackEngines/WebGLSupport/UnityEditor.WebGL.Extensions.dll
Register platform support module: C:/Program Files/Unity/Hub/Editor/2020.3.11f1/Editor/Data/PlaybackEngines/MacStandaloneSupport/UnityEditor.OSXStandalone.Extensions.dll
Register platform support module: C:/Program Files/Unity/Hub/Editor/2020.3.11f1/Editor/Data/PlaybackEngines/WindowsStandaloneSupport/UnityEditor.WindowsStandalone.Extensions.dll
Registered in 0.003007 seconds.
Native extension for WindowsStandalone target not found
Native extension for OSXStandalone target not found
Native extension for WebGL target not found
Refreshing native plugins compatible for Editor in 32.22 ms, found 2 plugins.
Preloading 0 native plugins for Editor in 0.00 ms.
Mono: successfully reloaded assembly
- Completed reload, in  1.444 seconds
Platform modules already initialized, skipping
Registering precompiled user dll's ...
Registered in 0.003127 seconds.
Begin MonoManager ReloadAssembly
Native extension for WindowsStandalone target not found
Native extension for OSXStandalone target not found
Native extension for WebGL target not found
Refreshing native plugins compatible for Editor in 0.35 ms, found 2 plugins.
Preloading 0 native plugins for Editor in 0.00 ms.
Mono: successfully reloaded assembly
- Completed reload, in  1.167 seconds
Platform modules already initialized, skipping
========================================================================
Worker process is ready to serve import requests
Launched and connected shader compiler UnityShaderCompiler.exe after 0.06 seconds
Refreshing native plugins compatible for Editor in 0.36 ms, found 2 plugins.
Preloading 0 native plugins for Editor in 0.00 ms.
Unloading 1411 Unused Serialized files (Serialized files now loaded: 0)
System memory in use before: 92.2 MB.
System memory in use after: 92.2 MB.

Unloading 18 unused Assets to reduce memory usage. Loaded Objects now: 1892.
Total: 2.305900 ms (FindLiveObjects: 0.145800 ms CreateObjectMapping: 0.045400 ms MarkObjects: 1.925400 ms  DeleteObjects: 0.188400 ms)

========================================================================
Received Import Request.
  path: Assets/SkySerie Freebie/FreebieHdri
  artifactKey: Guid(d78fe5a22bec38d43bbe7e846ac3925a) Importer(815301076,1909f56bfc062723c751e8b465ee728b)
Start importing Assets/SkySerie Freebie/FreebieHdri using Guid(d78fe5a22bec38d43bbe7e846ac3925a) Importer(815301076,1909f56bfc062723c751e8b465ee728b)  -> (artifact id: 'eed6af81f094f55c09c90bbf13c3e8f8') in 0.008811 seconds
  Import took 0.011354 seconds .

========================================================================
Received Import Request.
  Time since last request: 34.314252 seconds.
  path: Assets/SkySerie Freebie/ExampleScenes/SceneObjects
  artifactKey: Guid(4f34c5940141eff4e82f4c8bfdf6e203) Importer(815301076,1909f56bfc062723c751e8b465ee728b)
Start importing Assets/SkySerie Freebie/ExampleScenes/SceneObjects using Guid(4f34c5940141eff4e82f4c8bfdf6e203) Importer(815301076,1909f56bfc062723c751e8b465ee728b)  -> (artifact id: 'b03149b4fe4a500fcb056927a126b326') in 0.011822 seconds
  Import took 0.047866 seconds .

========================================================================
Received Import Request.
  Time since last request: 0.048679 seconds.
  path: Assets/SkySerie Freebie/ExampleScenes/SceneObjects/DemoObjects.prefab
  artifactKey: Guid(88c20de6c1dc0f04abeaffaac0a9a6cf) Importer(815301076,1909f56bfc062723c751e8b465ee728b)
Start importing Assets/SkySerie Freebie/ExampleScenes/SceneObjects/DemoObjects.prefab using Guid(88c20de6c1dc0f04abeaffaac0a9a6cf) Importer(815301076,1909f56bfc062723c751e8b465ee728b)  -> (artifact id: '60c1adfe48e7fee78e5084c3b0019c65') in 0.238253 seconds
  Import took 0.276770 seconds .

========================================================================
Received Import Request.
  Time since last request: 5.755451 seconds.
  path: Assets/SkySerie Freebie/ExampleScenes/AmbienceExposure.unity
  artifactKey: Guid(8d47f25a25106dd4fb4f92261f369863) Importer(815301076,1909f56bfc062723c751e8b465ee728b)
Start importing Assets/SkySerie Freebie/ExampleScenes/AmbienceExposure.unity using Guid(8d47f25a25106dd4fb4f92261f369863) Importer(815301076,1909f56bfc062723c751e8b465ee728b)  -> (artifact id: '520ed0c13458d48817e05781c69f5346') in 0.010788 seconds
  Import took 0.035541 seconds .

========================================================================
Received Import Request.
  Time since last request: 14.164079 seconds.
  path: Assets/Texture/Coconut Palm Tree Pack/Shaders/TFP_treecreator
  artifactKey: Guid(d061a1d95f399f5438fdabaef7fa37dd) Importer(815301076,1909f56bfc062723c751e8b465ee728b)
Start importing Assets/Texture/Coconut Palm Tree Pack/Shaders/TFP_treecreator using Guid(d061a1d95f399f5438fdabaef7fa37dd) Importer(815301076,1909f56bfc062723c751e8b465ee728b)  -> (artifact id: 'a02ca6482253a537f1592f8baaf9f088') in 0.007331 seconds
  Import took 0.023806 seconds .

========================================================================
Received Import Request.
  Time since last request: 267.216037 seconds.
  path: Assets/Texture/Coconut Palm Tree Pack/Textures/Parts
  artifactKey: Guid(6cab58c0191f9c347b969beac4e4dd84) Importer(815301076,1909f56bfc062723c751e8b465ee728b)
Start importing Assets/Texture/Coconut Palm Tree Pack/Textures/Parts using Guid(6cab58c0191f9c347b969beac4e4dd84) Importer(815301076,1909f56bfc062723c751e8b465ee728b)  -> (artifact id: 'd634e013aaef4a1ae1dfcecd9f3f48fd') in 0.007266 seconds
  Import took 0.128752 seconds .

========================================================================
Received Prepare
Registering precompiled user dll's ...
Registered in 0.003160 seconds.
Begin MonoManager ReloadAssembly
Native extension for WindowsStandalone target not found
Native extension for OSXStandalone target not found
Native extension for WebGL target not found
Refreshing native plugins compatible for Editor in 0.32 ms, found 2 plugins.
Preloading 0 native plugins for Editor in 0.00 ms.
Mono: successfully reloaded assembly
- Completed reload, in  1.018 seconds
Platform modules already initialized, skipping
Refreshing native plugins compatible for Editor in 0.34 ms, found 2 plugins.
Preloading 0 native plugins for Editor in 0.00 ms.
Unloading 1404 Unused Serialized files (Serialized files now loaded: 0)
System memory in use before: 95.1 MB.
System memory in use after: 95.2 MB.

Unloading 14 unused Assets to reduce memory usage. Loaded Objects now: 1905.
Total: 2.291900 ms (FindLiveObjects: 0.142000 ms CreateObjectMapping: 0.044000 ms MarkObjects: 1.959700 ms  DeleteObjects: 0.145500 ms)

AssetImportWorkerClient::OnTransportError - code=2 error=End of file
